TN:
SF:src\router.ts
FN:22,(anonymous_0)
FN:34,(anonymous_1)
FNF:2
FNH:2
FNDA:4,(anonymous_0)
FNDA:5,(anonymous_1)
DA:1,2
DA:2,2
DA:3,2
DA:4,2
DA:5,2
DA:7,2
DA:9,2
DA:10,2
DA:15,2
DA:22,4
DA:27,2
DA:34,5
DA:40,2
DA:45,2
DA:51,2
LF:15
LH:15
BRF:0
BRH:0
end_of_record
TN:
SF:src\server.ts
FN:7,(anonymous_1)
FN:29,(anonymous_2)
FNF:2
FNH:2
FNDA:3,(anonymous_1)
FNDA:1,(anonymous_2)
DA:1,2
DA:2,2
DA:3,2
DA:4,2
DA:7,2
DA:8,3
DA:9,3
DA:10,2
DA:13,1
DA:14,1
DA:18,2
DA:20,2
DA:23,2
DA:25,2
DA:27,2
DA:29,2
DA:30,1
DA:34,2
DA:35,2
LF:19
LH:19
BRDA:25,0,0,2
BRDA:25,0,1,2
BRF:2
BRH:2
end_of_record
TN:
SF:src\config\db.ts
FNF:0
FNH:0
DA:1,2
DA:2,2
DA:4,2
DA:6,2
DA:11,2
LF:5
LH:5
BRF:0
BRH:0
end_of_record
TN:
SF:src\handlers\product.ts
FN:4,(anonymous_1)
FN:22,(anonymous_2)
FN:42,(anonymous_3)
FN:54,(anonymous_4)
FN:73,(anonymous_5)
FN:92,(anonymous_6)
FNF:6
FNH:6
FNDA:2,(anonymous_1)
FNDA:2,(anonymous_2)
FNDA:1,(anonymous_3)
FNDA:2,(anonymous_4)
FNDA:2,(anonymous_5)
FNDA:2,(anonymous_6)
DA:2,2
DA:4,2
DA:5,2
DA:7,2
DA:14,2
DA:18,0
DA:22,2
DA:23,2
DA:25,2
DA:26,2
DA:28,2
DA:29,1
DA:34,1
DA:38,0
DA:42,2
DA:44,1
DA:45,1
DA:46,1
DA:49,0
DA:54,2
DA:56,2
DA:57,2
DA:59,2
DA:60,1
DA:66,1
DA:67,1
DA:69,1
DA:73,2
DA:75,2
DA:76,2
DA:78,2
DA:79,1
DA:85,1
DA:86,1
DA:88,1
DA:92,2
DA:94,2
DA:95,2
DA:97,2
DA:98,1
DA:103,1
DA:104,1
LF:42
LH:39
BRDA:28,0,0,1
BRDA:59,1,0,1
BRDA:78,2,0,1
BRDA:97,3,0,1
BRF:4
BRH:4
end_of_record
TN:
SF:src\middleware\index.ts
FN:4,(anonymous_0)
FNF:1
FNH:1
FNDA:17,(anonymous_0)
DA:2,2
DA:4,2
DA:6,17
DA:8,17
DA:9,8
DA:12,9
LF:6
LH:6
BRDA:8,0,0,8
BRF:1
BRH:1
end_of_record
TN:
SF:src\models\Product.model.ts
FNF:0
FNH:0
DA:1,3
DA:7,3
DA:11,3
DA:16,3
DA:22,3
LF:5
LH:5
BRF:0
BRH:0
end_of_record
